<?xml version="1.0" encoding="UTF-8"?>
<!-- Generated by org.testng.reporters.JUnitReportReporter -->
<testsuite skipped="0" hostname="mportal-GDTSVZ1" name="com.nopcommerce.testCases.TC_SearchCustomerByEmail_004" tests="1" failures="0" timestamp="20 Apr 2020 18:58:06 GMT" time="18.401" errors="0">
  <testcase name="searchCustomerByEmailTest" time="18.401" classname="com.nopcommerce.testCases.TC_SearchCustomerByEmail_004"/>
</testsuite> <!-- com.nopcommerce.testCases.TC_SearchCustomerByEmail_004 -->
