<?xml version="1.0" encoding="UTF-8"?>
<!-- Generated by org.testng.reporters.JUnitReportReporter -->
<testsuite skipped="0" hostname="mportal-GDTSVZ1" name="com.nopcommerce.testCases.TC_LoginTest_001" tests="1" failures="0" timestamp="20 Apr 2020 12:25:44 GMT" time="23.484" errors="0">
  <testcase name="loginTest" time="23.484" classname="com.nopcommerce.testCases.TC_LoginTest_001"/>
</testsuite> <!-- com.nopcommerce.testCases.TC_LoginTest_001 -->
